warning: The selected output language "spanish" has not been updated
since release 1.9.6.  As a result some sentences may appear in English.

F:/DAW/1_DAW_23-24/PR/Prácticas/PR-P1_3EV-MVC-Final_RMD-20240429/06.02_DrumFest24-MVC/src/jcolonia/daw2024/rmd/drumfest/BandaTest.java:13: warning: unable to resolve link to 'Banda' for \link command
F:/DAW/1_DAW_23-24/PR/Prácticas/PR-P1_3EV-MVC-Final_RMD-20240429/06.02_DrumFest24-MVC/src/jcolonia/daw2024/rmd/drumfest/FestivalTest.java:16: warning: unable to resolve link to 'Festival' for \link command
F:/DAW/1_DAW_23-24/PR/Prácticas/PR-P1_3EV-MVC-Final_RMD-20240429/06.02_DrumFest24-MVC/src/jcolonia/daw2024/rmd/drumfest/Festival.java:12: warning: unable to resolve link to 'Banda' for \link command
F:/DAW/1_DAW_23-24/PR/Prácticas/PR-P1_3EV-MVC-Final_RMD-20240429/06.02_DrumFest24-MVC/src/jcolonia/daw2024/rmd/drumfest/package-info.java:3: warning: unable to resolve link to 'java.util.Scanner' for \link command
F:/DAW/1_DAW_23-24/PR/Prácticas/PR-P1_3EV-MVC-Final_RMD-20240429/06.02_DrumFest24-MVC/src/jcolonia/daw2024/rmd/drumfest/package-info.java:4: warning: unable to resolve link to 'java.util.Vector' for \link command
F:/DAW/1_DAW_23-24/PR/Prácticas/PR-P1_3EV-MVC-Final_RMD-20240429/06.02_DrumFest24-MVC/src/jcolonia/daw2024/rmd/drumfest/FestivalTest.java:97: warning: unable to resolve link to 'Festival#consultarPosición(int)' for \link command
F:/DAW/1_DAW_23-24/PR/Prácticas/PR-P1_3EV-MVC-Final_RMD-20240429/06.02_DrumFest24-MVC/src/jcolonia/daw2024/rmd/drumfest/FestivalTest.java:98: warning: unable to resolve link to 'Festival#eliminarElemento(int)' for \link command
F:/DAW/1_DAW_23-24/PR/Prácticas/PR-P1_3EV-MVC-Final_RMD-20240429/06.02_DrumFest24-MVC/src/jcolonia/daw2024/rmd/drumfest/FestivalTest.java:98: warning: unable to resolve link to 'Festival#toTextoListado()' for \link command
F:/DAW/1_DAW_23-24/PR/Prácticas/PR-P1_3EV-MVC-Final_RMD-20240429/06.02_DrumFest24-MVC/src/jcolonia/daw2024/rmd/drumfest/BandaTest.java:480: warning: unable to resolve link to 'Banda#toString()' for \link command
F:/DAW/1_DAW_23-24/PR/Prácticas/PR-P1_3EV-MVC-Final_RMD-20240429/06.02_DrumFest24-MVC/src/jcolonia/daw2024/rmd/drumfest/ControlBandas.java:9: warning: unable to resolve link to 'Festival' for \link command
F:/DAW/1_DAW_23-24/PR/Prácticas/PR-P1_3EV-MVC-Final_RMD-20240429/06.02_DrumFest24-MVC/src/jcolonia/daw2024/rmd/drumfest/VistaAltaRelevancia.java:9: warning: unable to resolve link to 'Relevancia' for \link command
F:/DAW/1_DAW_23-24/PR/Prácticas/PR-P1_3EV-MVC-Final_RMD-20240429/06.02_DrumFest24-MVC/src/jcolonia/daw2024/rmd/drumfest/Festival.java:31: warning: unable to resolve link to 'Festival' for \link command
F:/DAW/1_DAW_23-24/PR/Prácticas/PR-P1_3EV-MVC-Final_RMD-20240429/06.02_DrumFest24-MVC/src/jcolonia/daw2024/rmd/drumfest/Festival.java:32: warning: unable to resolve link to 'Banda' for \link command
F:/DAW/1_DAW_23-24/PR/Prácticas/PR-P1_3EV-MVC-Final_RMD-20240429/06.02_DrumFest24-MVC/src/jcolonia/daw2024/rmd/drumfest/FestivalTest.java:245: warning: unable to resolve link to 'Festival#toTextoListado()' for \link command
F:/DAW/1_DAW_23-24/PR/Prácticas/PR-P1_3EV-MVC-Final_RMD-20240429/06.02_DrumFest24-MVC/src/jcolonia/daw2024/rmd/drumfest/VistaAltasBandas.java:32: warning: unable to resolve link to 'Banda' for \link command
F:/DAW/1_DAW_23-24/PR/Prácticas/PR-P1_3EV-MVC-Final_RMD-20240429/06.02_DrumFest24-MVC/src/jcolonia/daw2024/rmd/drumfest/VistaAltasBandas.java:33: warning: unable to resolve link to 'Festival' for \link command
F:/DAW/1_DAW_23-24/PR/Prácticas/PR-P1_3EV-MVC-Final_RMD-20240429/06.02_DrumFest24-MVC/src/jcolonia/daw2024/rmd/drumfest/BandaTest.java:458: warning: unable to resolve link to 'Banda#toString()' for \link command
F:/DAW/1_DAW_23-24/PR/Prácticas/PR-P1_3EV-MVC-Final_RMD-20240429/06.02_DrumFest24-MVC/src/jcolonia/daw2024/rmd/drumfest/FestivalTest.java:267: warning: unable to resolve link to 'Festival#toCSVTextoListado()' for \link command
F:/DAW/1_DAW_23-24/PR/Prácticas/PR-P1_3EV-MVC-Final_RMD-20240429/06.02_DrumFest24-MVC/src/jcolonia/daw2024/rmd/drumfest/package-info.java:3: warning: unable to resolve link to 'java.util.Scanner' for \link command
F:/DAW/1_DAW_23-24/PR/Prácticas/PR-P1_3EV-MVC-Final_RMD-20240429/06.02_DrumFest24-MVC/src/jcolonia/daw2024/rmd/drumfest/package-info.java:4: warning: unable to resolve link to 'java.util.Vector' for \link command
F:/DAW/1_DAW_23-24/PR/Prácticas/PR-P1_3EV-MVC-Final_RMD-20240429/06.02_DrumFest24-MVC/src/jcolonia/daw2024/rmd/drumfest/BandaTest.java:13: warning: unable to resolve link to 'Banda' for \link command
F:/DAW/1_DAW_23-24/PR/Prácticas/PR-P1_3EV-MVC-Final_RMD-20240429/06.02_DrumFest24-MVC/src/jcolonia/daw2024/rmd/drumfest/ControlBandas.java:9: warning: unable to resolve link to 'Festival' for \link command
F:/DAW/1_DAW_23-24/PR/Prácticas/PR-P1_3EV-MVC-Final_RMD-20240429/06.02_DrumFest24-MVC/src/jcolonia/daw2024/rmd/drumfest/Festival.java:12: warning: unable to resolve link to 'Banda' for \link command
F:/DAW/1_DAW_23-24/PR/Prácticas/PR-P1_3EV-MVC-Final_RMD-20240429/06.02_DrumFest24-MVC/src/jcolonia/daw2024/rmd/drumfest/FestivalTest.java:16: warning: unable to resolve link to 'Festival' for \link command
F:/DAW/1_DAW_23-24/PR/Prácticas/PR-P1_3EV-MVC-Final_RMD-20240429/06.02_DrumFest24-MVC/src/jcolonia/daw2024/rmd/drumfest/VistaAltaRelevancia.java:9: warning: unable to resolve link to 'Relevancia' for \link command
F:/DAW/1_DAW_23-24/PR/Prácticas/PR-P1_3EV-MVC-Final_RMD-20240429/06.02_DrumFest24-MVC/src/jcolonia/daw2024/rmd/drumfest/package-info.java:3: warning: unable to resolve link to 'java.util.Scanner' for \link command
F:/DAW/1_DAW_23-24/PR/Prácticas/PR-P1_3EV-MVC-Final_RMD-20240429/06.02_DrumFest24-MVC/src/jcolonia/daw2024/rmd/drumfest/package-info.java:4: warning: unable to resolve link to 'java.util.Vector' for \link command
F:/DAW/1_DAW_23-24/PR/Prácticas/PR-P1_3EV-MVC-Final_RMD-20240429/06.02_DrumFest24-MVC/src/jcolonia/daw2024/rmd/drumfest/Banda.java:146: warning: explicit link request to 'Chad' could not be resolved
F:/DAW/1_DAW_23-24/PR/Prácticas/PR-P1_3EV-MVC-Final_RMD-20240429/06.02_DrumFest24-MVC/src/jcolonia/daw2024/rmd/drumfest/BandaTest.java:13: warning: unable to resolve link to 'Banda' for \link command
F:/DAW/1_DAW_23-24/PR/Prácticas/PR-P1_3EV-MVC-Final_RMD-20240429/06.02_DrumFest24-MVC/src/jcolonia/daw2024/rmd/drumfest/BandaTest.java:458: warning: unable to resolve link to 'Banda#toString()' for \link command
F:/DAW/1_DAW_23-24/PR/Prácticas/PR-P1_3EV-MVC-Final_RMD-20240429/06.02_DrumFest24-MVC/src/jcolonia/daw2024/rmd/drumfest/BandaTest.java:480: warning: unable to resolve link to 'Banda#toString()' for \link command
F:/DAW/1_DAW_23-24/PR/Prácticas/PR-P1_3EV-MVC-Final_RMD-20240429/06.02_DrumFest24-MVC/src/jcolonia/daw2024/rmd/drumfest/BandaTest.java:13: warning: unable to resolve link to 'Banda' for \link command
F:/DAW/1_DAW_23-24/PR/Prácticas/PR-P1_3EV-MVC-Final_RMD-20240429/06.02_DrumFest24-MVC/src/jcolonia/daw2024/rmd/drumfest/BandaTest.java:93: warning: unable to resolve link to 'Banda#getNombre()' for \link command
F:/DAW/1_DAW_23-24/PR/Prácticas/PR-P1_3EV-MVC-Final_RMD-20240429/06.02_DrumFest24-MVC/src/jcolonia/daw2024/rmd/drumfest/BandaTest.java:93: warning: unable to resolve link to 'Banda#getGénero()' for \link command
F:/DAW/1_DAW_23-24/PR/Prácticas/PR-P1_3EV-MVC-Final_RMD-20240429/06.02_DrumFest24-MVC/src/jcolonia/daw2024/rmd/drumfest/BandaTest.java:94: warning: unable to resolve link to 'Banda#getRelevancia()' for \link command
F:/DAW/1_DAW_23-24/PR/Prácticas/PR-P1_3EV-MVC-Final_RMD-20240429/06.02_DrumFest24-MVC/src/jcolonia/daw2024/rmd/drumfest/BandaTest.java:94: warning: unable to resolve link to 'Banda#getMiembros()' for \link command
F:/DAW/1_DAW_23-24/PR/Prácticas/PR-P1_3EV-MVC-Final_RMD-20240429/06.02_DrumFest24-MVC/src/jcolonia/daw2024/rmd/drumfest/BandaTest.java:95: warning: unable to resolve link to 'Banda#getBaterista()' for \link command
F:/DAW/1_DAW_23-24/PR/Prácticas/PR-P1_3EV-MVC-Final_RMD-20240429/06.02_DrumFest24-MVC/src/jcolonia/daw2024/rmd/drumfest/BandaTest.java:480: warning: unable to resolve link to 'Banda#toString()' for \link command
F:/DAW/1_DAW_23-24/PR/Prácticas/PR-P1_3EV-MVC-Final_RMD-20240429/06.02_DrumFest24-MVC/src/jcolonia/daw2024/rmd/drumfest/BandaTest.java:485: warning: unable to resolve link to 'Object#toString()' for \link command
F:/DAW/1_DAW_23-24/PR/Prácticas/PR-P1_3EV-MVC-Final_RMD-20240429/06.02_DrumFest24-MVC/src/jcolonia/daw2024/rmd/drumfest/BandaTest.java:458: warning: unable to resolve link to 'Banda#toString()' for \link command
F:/DAW/1_DAW_23-24/PR/Prácticas/PR-P1_3EV-MVC-Final_RMD-20240429/06.02_DrumFest24-MVC/src/jcolonia/daw2024/rmd/drumfest/BandaTest.java:463: warning: unable to resolve link to 'Object#toString()' for \link command
F:/DAW/1_DAW_23-24/PR/Prácticas/PR-P1_3EV-MVC-Final_RMD-20240429/06.02_DrumFest24-MVC/src/jcolonia/daw2024/rmd/drumfest/ControlBandas.java:9: warning: unable to resolve link to 'Festival' for \link command
F:/DAW/1_DAW_23-24/PR/Prácticas/PR-P1_3EV-MVC-Final_RMD-20240429/06.02_DrumFest24-MVC/src/jcolonia/daw2024/rmd/drumfest/ControlBandas.java:9: warning: unable to resolve link to 'Festival' for \link command
F:/DAW/1_DAW_23-24/PR/Prácticas/PR-P1_3EV-MVC-Final_RMD-20240429/06.02_DrumFest24-MVC/src/jcolonia/daw2024/rmd/drumfest/Festival.java:12: warning: unable to resolve link to 'Banda' for \link command
F:/DAW/1_DAW_23-24/PR/Prácticas/PR-P1_3EV-MVC-Final_RMD-20240429/06.02_DrumFest24-MVC/src/jcolonia/daw2024/rmd/drumfest/Festival.java:31: warning: unable to resolve link to 'Festival' for \link command
F:/DAW/1_DAW_23-24/PR/Prácticas/PR-P1_3EV-MVC-Final_RMD-20240429/06.02_DrumFest24-MVC/src/jcolonia/daw2024/rmd/drumfest/Festival.java:32: warning: unable to resolve link to 'Banda' for \link command
F:/DAW/1_DAW_23-24/PR/Prácticas/PR-P1_3EV-MVC-Final_RMD-20240429/06.02_DrumFest24-MVC/src/jcolonia/daw2024/rmd/drumfest/Festival.java:12: warning: unable to resolve link to 'Banda' for \link command
F:/DAW/1_DAW_23-24/PR/Prácticas/PR-P1_3EV-MVC-Final_RMD-20240429/06.02_DrumFest24-MVC/src/jcolonia/daw2024/rmd/drumfest/Festival.java:31: warning: unable to resolve link to 'Festival' for \link command
F:/DAW/1_DAW_23-24/PR/Prácticas/PR-P1_3EV-MVC-Final_RMD-20240429/06.02_DrumFest24-MVC/src/jcolonia/daw2024/rmd/drumfest/Festival.java:32: warning: unable to resolve link to 'Banda' for \link command
F:/DAW/1_DAW_23-24/PR/Prácticas/PR-P1_3EV-MVC-Final_RMD-20240429/06.02_DrumFest24-MVC/src/jcolonia/daw2024/rmd/drumfest/FestivalTest.java:16: warning: unable to resolve link to 'Festival' for \link command
F:/DAW/1_DAW_23-24/PR/Prácticas/PR-P1_3EV-MVC-Final_RMD-20240429/06.02_DrumFest24-MVC/src/jcolonia/daw2024/rmd/drumfest/FestivalTest.java:97: warning: unable to resolve link to 'Festival#consultarPosición(int)' for \link command
F:/DAW/1_DAW_23-24/PR/Prácticas/PR-P1_3EV-MVC-Final_RMD-20240429/06.02_DrumFest24-MVC/src/jcolonia/daw2024/rmd/drumfest/FestivalTest.java:98: warning: unable to resolve link to 'Festival#eliminarElemento(int)' for \link command
F:/DAW/1_DAW_23-24/PR/Prácticas/PR-P1_3EV-MVC-Final_RMD-20240429/06.02_DrumFest24-MVC/src/jcolonia/daw2024/rmd/drumfest/FestivalTest.java:98: warning: unable to resolve link to 'Festival#toTextoListado()' for \link command
F:/DAW/1_DAW_23-24/PR/Prácticas/PR-P1_3EV-MVC-Final_RMD-20240429/06.02_DrumFest24-MVC/src/jcolonia/daw2024/rmd/drumfest/FestivalTest.java:245: warning: unable to resolve link to 'Festival#toTextoListado()' for \link command
F:/DAW/1_DAW_23-24/PR/Prácticas/PR-P1_3EV-MVC-Final_RMD-20240429/06.02_DrumFest24-MVC/src/jcolonia/daw2024/rmd/drumfest/FestivalTest.java:267: warning: unable to resolve link to 'Festival#toCSVTextoListado()' for \link command
F:/DAW/1_DAW_23-24/PR/Prácticas/PR-P1_3EV-MVC-Final_RMD-20240429/06.02_DrumFest24-MVC/src/jcolonia/daw2024/rmd/drumfest/FestivalTest.java:16: warning: unable to resolve link to 'Festival' for \link command
F:/DAW/1_DAW_23-24/PR/Prácticas/PR-P1_3EV-MVC-Final_RMD-20240429/06.02_DrumFest24-MVC/src/jcolonia/daw2024/rmd/drumfest/FestivalTest.java:132: warning: unable to resolve link to 'Festival#añadir(Banda)' for \link command
F:/DAW/1_DAW_23-24/PR/Prácticas/PR-P1_3EV-MVC-Final_RMD-20240429/06.02_DrumFest24-MVC/src/jcolonia/daw2024/rmd/drumfest/FestivalTest.java:133: warning: unable to resolve link to 'Festival#consultarPosición(int)' for \link command
F:/DAW/1_DAW_23-24/PR/Prácticas/PR-P1_3EV-MVC-Final_RMD-20240429/06.02_DrumFest24-MVC/src/jcolonia/daw2024/rmd/drumfest/FestivalTest.java:194: warning: unable to resolve link to 'Festival#añadirTodos(Vector)' for \link command
F:/DAW/1_DAW_23-24/PR/Prácticas/PR-P1_3EV-MVC-Final_RMD-20240429/06.02_DrumFest24-MVC/src/jcolonia/daw2024/rmd/drumfest/FestivalTest.java:195: warning: unable to resolve link to 'Festival#eliminarElemento(int)' for \link command
F:/DAW/1_DAW_23-24/PR/Prácticas/PR-P1_3EV-MVC-Final_RMD-20240429/06.02_DrumFest24-MVC/src/jcolonia/daw2024/rmd/drumfest/FestivalTest.java:219: warning: unable to resolve link to 'Festival#añadirTodos(Vector)' for \link command
F:/DAW/1_DAW_23-24/PR/Prácticas/PR-P1_3EV-MVC-Final_RMD-20240429/06.02_DrumFest24-MVC/src/jcolonia/daw2024/rmd/drumfest/FestivalTest.java:220: warning: unable to resolve link to 'Festival#eliminarElemento(int)' for \link command
F:/DAW/1_DAW_23-24/PR/Prácticas/PR-P1_3EV-MVC-Final_RMD-20240429/06.02_DrumFest24-MVC/src/jcolonia/daw2024/rmd/drumfest/FestivalTest.java:155: warning: unable to resolve link to 'Festival#añadirTodos(Vector)' for \link command
F:/DAW/1_DAW_23-24/PR/Prácticas/PR-P1_3EV-MVC-Final_RMD-20240429/06.02_DrumFest24-MVC/src/jcolonia/daw2024/rmd/drumfest/FestivalTest.java:156: warning: unable to resolve link to 'Festival#consultarPosición(int)' for \link command
F:/DAW/1_DAW_23-24/PR/Prácticas/PR-P1_3EV-MVC-Final_RMD-20240429/06.02_DrumFest24-MVC/src/jcolonia/daw2024/rmd/drumfest/FestivalTest.java:180: warning: unable to resolve link to 'Festival#Festival()' for \link command
F:/DAW/1_DAW_23-24/PR/Prácticas/PR-P1_3EV-MVC-Final_RMD-20240429/06.02_DrumFest24-MVC/src/jcolonia/daw2024/rmd/drumfest/FestivalTest.java:181: warning: unable to resolve link to 'Festival#consultarElementosVacíos()' for \link command
F:/DAW/1_DAW_23-24/PR/Prácticas/PR-P1_3EV-MVC-Final_RMD-20240429/06.02_DrumFest24-MVC/src/jcolonia/daw2024/rmd/drumfest/FestivalTest.java:97: warning: unable to resolve link to 'Festival#consultarPosición(int)' for \link command
F:/DAW/1_DAW_23-24/PR/Prácticas/PR-P1_3EV-MVC-Final_RMD-20240429/06.02_DrumFest24-MVC/src/jcolonia/daw2024/rmd/drumfest/FestivalTest.java:98: warning: unable to resolve link to 'Festival#eliminarElemento(int)' for \link command
F:/DAW/1_DAW_23-24/PR/Prácticas/PR-P1_3EV-MVC-Final_RMD-20240429/06.02_DrumFest24-MVC/src/jcolonia/daw2024/rmd/drumfest/FestivalTest.java:98: warning: unable to resolve link to 'Festival#toTextoListado()' for \link command
F:/DAW/1_DAW_23-24/PR/Prácticas/PR-P1_3EV-MVC-Final_RMD-20240429/06.02_DrumFest24-MVC/src/jcolonia/daw2024/rmd/drumfest/FestivalTest.java:115: warning: unable to resolve link to 'Festival#toCSVTextoListado()' for \link command
F:/DAW/1_DAW_23-24/PR/Prácticas/PR-P1_3EV-MVC-Final_RMD-20240429/06.02_DrumFest24-MVC/src/jcolonia/daw2024/rmd/drumfest/FestivalTest.java:115: warning: unable to resolve link to 'Festival#ofFestival(List)' for \link command
F:/DAW/1_DAW_23-24/PR/Prácticas/PR-P1_3EV-MVC-Final_RMD-20240429/06.02_DrumFest24-MVC/src/jcolonia/daw2024/rmd/drumfest/FestivalTest.java:267: warning: unable to resolve link to 'Festival#toCSVTextoListado()' for \link command
F:/DAW/1_DAW_23-24/PR/Prácticas/PR-P1_3EV-MVC-Final_RMD-20240429/06.02_DrumFest24-MVC/src/jcolonia/daw2024/rmd/drumfest/FestivalTest.java:272: warning: unable to resolve link to 'Object#toString()' for \link command
F:/DAW/1_DAW_23-24/PR/Prácticas/PR-P1_3EV-MVC-Final_RMD-20240429/06.02_DrumFest24-MVC/src/jcolonia/daw2024/rmd/drumfest/FestivalTest.java:245: warning: unable to resolve link to 'Festival#toTextoListado()' for \link command
F:/DAW/1_DAW_23-24/PR/Prácticas/PR-P1_3EV-MVC-Final_RMD-20240429/06.02_DrumFest24-MVC/src/jcolonia/daw2024/rmd/drumfest/FestivalTest.java:250: warning: unable to resolve link to 'Object#toString()' for \link command
F:/DAW/1_DAW_23-24/PR/Prácticas/PR-P1_3EV-MVC-Final_RMD-20240429/06.02_DrumFest24-MVC/src/jcolonia/daw2024/rmd/drumfest/VistaAltaRelevancia.java:9: warning: unable to resolve link to 'Relevancia' for \link command
F:/DAW/1_DAW_23-24/PR/Prácticas/PR-P1_3EV-MVC-Final_RMD-20240429/06.02_DrumFest24-MVC/src/jcolonia/daw2024/rmd/drumfest/VistaAltaRelevancia.java:9: warning: unable to resolve link to 'Relevancia' for \link command
F:/DAW/1_DAW_23-24/PR/Prácticas/PR-P1_3EV-MVC-Final_RMD-20240429/06.02_DrumFest24-MVC/src/jcolonia/daw2024/rmd/drumfest/VistaAltasBandas.java:32: warning: unable to resolve link to 'Banda' for \link command
F:/DAW/1_DAW_23-24/PR/Prácticas/PR-P1_3EV-MVC-Final_RMD-20240429/06.02_DrumFest24-MVC/src/jcolonia/daw2024/rmd/drumfest/VistaAltasBandas.java:33: warning: unable to resolve link to 'Festival' for \link command
F:/DAW/1_DAW_23-24/PR/Prácticas/PR-P1_3EV-MVC-Final_RMD-20240429/06.02_DrumFest24-MVC/src/jcolonia/daw2024/rmd/drumfest/VistaAltasBandas.java:32: warning: unable to resolve link to 'Banda' for \link command
F:/DAW/1_DAW_23-24/PR/Prácticas/PR-P1_3EV-MVC-Final_RMD-20240429/06.02_DrumFest24-MVC/src/jcolonia/daw2024/rmd/drumfest/VistaAltasBandas.java:33: warning: unable to resolve link to 'Festival' for \link command
F:/DAW/1_DAW_23-24/PR/Prácticas/PR-P1_3EV-MVC-Final_RMD-20240429/06.02_DrumFest24-MVC/src/jcolonia/daw2024/rmd/drumfest/package-info.java:3: warning: unable to resolve link to 'java.util.Scanner' for \link command
F:/DAW/1_DAW_23-24/PR/Prácticas/PR-P1_3EV-MVC-Final_RMD-20240429/06.02_DrumFest24-MVC/src/jcolonia/daw2024/rmd/drumfest/package-info.java:4: warning: unable to resolve link to 'java.util.Vector' for \link command
F:/DAW/1_DAW_23-24/PR/Prácticas/PR-P1_3EV-MVC-Final_RMD-20240429/06.02_DrumFest24-MVC/src/jcolonia/daw2024/rmd/drumfest/BandaTest.java:13: warning: unable to resolve link to 'Banda' for \link command
F:/DAW/1_DAW_23-24/PR/Prácticas/PR-P1_3EV-MVC-Final_RMD-20240429/06.02_DrumFest24-MVC/src/jcolonia/daw2024/rmd/drumfest/ControlBandas.java:9: warning: unable to resolve link to 'Festival' for \link command
F:/DAW/1_DAW_23-24/PR/Prácticas/PR-P1_3EV-MVC-Final_RMD-20240429/06.02_DrumFest24-MVC/src/jcolonia/daw2024/rmd/drumfest/Festival.java:12: warning: unable to resolve link to 'Banda' for \link command
F:/DAW/1_DAW_23-24/PR/Prácticas/PR-P1_3EV-MVC-Final_RMD-20240429/06.02_DrumFest24-MVC/src/jcolonia/daw2024/rmd/drumfest/FestivalTest.java:16: warning: unable to resolve link to 'Festival' for \link command
F:/DAW/1_DAW_23-24/PR/Prácticas/PR-P1_3EV-MVC-Final_RMD-20240429/06.02_DrumFest24-MVC/src/jcolonia/daw2024/rmd/drumfest/VistaAltaRelevancia.java:9: warning: unable to resolve link to 'Relevancia' for \link command
F:/DAW/1_DAW_23-24/PR/Prácticas/PR-P1_3EV-MVC-Final_RMD-20240429/06.02_DrumFest24-MVC/src/jcolonia/daw2024/rmd/drumfest/BandaTest.java:13: warning: unable to resolve link to 'Banda' for \link command
F:/DAW/1_DAW_23-24/PR/Prácticas/PR-P1_3EV-MVC-Final_RMD-20240429/06.02_DrumFest24-MVC/src/jcolonia/daw2024/rmd/drumfest/ControlBandas.java:9: warning: unable to resolve link to 'Festival' for \link command
F:/DAW/1_DAW_23-24/PR/Prácticas/PR-P1_3EV-MVC-Final_RMD-20240429/06.02_DrumFest24-MVC/src/jcolonia/daw2024/rmd/drumfest/Festival.java:12: warning: unable to resolve link to 'Banda' for \link command
F:/DAW/1_DAW_23-24/PR/Prácticas/PR-P1_3EV-MVC-Final_RMD-20240429/06.02_DrumFest24-MVC/src/jcolonia/daw2024/rmd/drumfest/FestivalTest.java:16: warning: unable to resolve link to 'Festival' for \link command
F:/DAW/1_DAW_23-24/PR/Prácticas/PR-P1_3EV-MVC-Final_RMD-20240429/06.02_DrumFest24-MVC/src/jcolonia/daw2024/rmd/drumfest/VistaAltaRelevancia.java:9: warning: unable to resolve link to 'Relevancia' for \link command
